<?xml version="1.0" encoding="UTF-8"?>
<TestRun id="d4d189e9-6a2a-4e5c-8a96-29fbd91fc4e7" name="Student@10266A-GEN-DEV 2013-08-27 16:14:44" runUser="10266A-GEN-DEV\Student" xmlns="http://microsoft.com/schemas/VisualStudio/TeamTest/2010">
  <TestSettings name="Local" id="23f75c5e-7e23-4bc5-bc19-bbc15d80c5b0">
    <Description>These are default test settings for a local test run.</Description>
    <Deployment enabled="false" runDeploymentRoot="Student_10266A-GEN-DEV 2013-08-27 16_14_44">
      <DeploymentItem filename="E:\M10266-0826\Methods\bin\Debug\Methods.exe" />
    </Deployment>
    <Execution>
      <TestTypeSpecific />
      <AgentRule name="Execution Agents">
      </AgentRule>
    </Execution>
  </TestSettings>
  <Times creation="2013-08-27T16:14:44.0138672+04:00" queuing="2013-08-27T16:14:44.0246094+04:00" start="2013-08-27T16:14:44.2687500+04:00" finish="2013-08-27T16:14:44.5714844+04:00" />
  <ResultSummary outcome="Completed">
    <Counters total="2" executed="2" passed="2" error="0" failed="0" timeout="0" aborted="0" inconclusive="0" passedButRunAborted="0" notRunnable="0" notExecuted="0" disconnected="0" warning="0" completed="0" inProgress="0" pending="0" />
  </ResultSummary>
  <TestDefinitions>
    <UnitTest name="TestGCDMethod" storage="e:\m10266-0826\hello\mytestproject\bin\debug\mytestproject.dll" id="4a4306f6-0d94-b0d6-1468-2148a6b34350">
      <Execution id="6ac79973-ba7c-4a25-b535-db2b0e80e01e" />
      <TestMethod codeBase="E:/M10266-0826/Hello/MyTestProject/bin/Debug/MyTestProject.DLL" adapterTypeName="Microsoft.VisualStudio.TestTools.TestTypes.Unit.UnitTestAdapter, Microsoft.VisualStudio.QualityTools.Tips.UnitTest.Adapter, Version=10.0.0.0, Culture=neutral, PublicKeyToken=b03f5f7f11d50a3a" className="MyTestProject.AverageTest, MyTestProject, Version=1.0.0.0, Culture=neutral, PublicKeyToken=null" name="TestGCDMethod" />
    </UnitTest>
    <UnitTest name="TestAverageMethod" storage="e:\m10266-0826\hello\mytestproject\bin\debug\mytestproject.dll" id="8bcd3c45-1013-4cee-871f-42202704a43d">
      <Execution id="f4528222-cfc2-40da-89df-fd4c49b4c471" />
      <TestMethod codeBase="E:/M10266-0826/Hello/MyTestProject/bin/Debug/MyTestProject.DLL" adapterTypeName="Microsoft.VisualStudio.TestTools.TestTypes.Unit.UnitTestAdapter, Microsoft.VisualStudio.QualityTools.Tips.UnitTest.Adapter, Version=10.0.0.0, Culture=neutral, PublicKeyToken=b03f5f7f11d50a3a" className="MyTestProject.AverageTest, MyTestProject, Version=1.0.0.0, Culture=neutral, PublicKeyToken=null" name="TestAverageMethod" />
    </UnitTest>
  </TestDefinitions>
  <TestLists>
    <TestList name="Results Not in a List" id="8c84fa94-04c1-424b-9868-57a2d4851a1d" />
    <TestList name="All Loaded Results" id="19431567-8539-422a-85d7-44ee4e166bda" />
  </TestLists>
  <TestEntries>
    <TestEntry testId="8bcd3c45-1013-4cee-871f-42202704a43d" executionId="f4528222-cfc2-40da-89df-fd4c49b4c471" testListId="8c84fa94-04c1-424b-9868-57a2d4851a1d" />
    <TestEntry testId="4a4306f6-0d94-b0d6-1468-2148a6b34350" executionId="6ac79973-ba7c-4a25-b535-db2b0e80e01e" testListId="8c84fa94-04c1-424b-9868-57a2d4851a1d" />
  </TestEntries>
  <Results>
    <UnitTestResult executionId="f4528222-cfc2-40da-89df-fd4c49b4c471" testId="8bcd3c45-1013-4cee-871f-42202704a43d" testName="TestAverageMethod" computerName="10266A-GEN-DEV" duration="00:00:00.0098765" startTime="2013-08-27T16:14:44.3087890+04:00" endTime="2013-08-27T16:14:44.4640625+04:00" testType="13cdc9d9-ddb5-4fa4-a97d-d965ccfc6d4b" outcome="Passed" testListId="8c84fa94-04c1-424b-9868-57a2d4851a1d" relativeResultsDirectory="f4528222-cfc2-40da-89df-fd4c49b4c471">
    </UnitTestResult>
    <UnitTestResult executionId="6ac79973-ba7c-4a25-b535-db2b0e80e01e" testId="4a4306f6-0d94-b0d6-1468-2148a6b34350" testName="TestGCDMethod" computerName="10266A-GEN-DEV" duration="00:00:00.0011685" startTime="2013-08-27T16:14:44.4679687+04:00" endTime="2013-08-27T16:14:44.4718750+04:00" testType="13cdc9d9-ddb5-4fa4-a97d-d965ccfc6d4b" outcome="Passed" testListId="8c84fa94-04c1-424b-9868-57a2d4851a1d" relativeResultsDirectory="6ac79973-ba7c-4a25-b535-db2b0e80e01e">
    </UnitTestResult>
  </Results>
</TestRun>